The system is: Linux - 4.19.0-14-amd64 - x86_64
Compiling the C compiler identification source file "CMakeCCompilerId.c" succeeded.
Compiler: /usr/bin/cc 
Build flags: 
Id flags:  

The output was:
0


Compilation of the C compiler identification source "CMakeCCompilerId.c" produced "a.out"

The C compiler identification is GNU, found in "/media/mk/big_drive/Malachi Buchheit/Programming/potato/glfw/CMakeFiles/3.13.4/CompilerIdC/a.out"

Determining if the C compiler works passed with the following output:
Change Dir: /media/mk/big_drive/Malachi Buchheit/Programming/potato/glfw/CMakeFiles/CMakeTmp

Run Build Command:"/usr/bin/make" "cmTC_66cd9/fast"
/usr/bin/make -f CMakeFiles/cmTC_66cd9.dir/build.make CMakeFiles/cmTC_66cd9.dir/build
make[1]: Entering directory '/media/mk/big_drive/Malachi Buchheit/Programming/potato/glfw/CMakeFiles/CMakeTmp'
Building C object CMakeFiles/cmTC_66cd9.dir/testCCompiler.c.o
/usr/bin/cc    -o CMakeFiles/cmTC_66cd9.dir/testCCompiler.c.o   -c "/media/mk/big_drive/Malachi Buchheit/Programming/potato/glfw/CMakeFiles/CMakeTmp/testCCompiler.c"
Linking C executable cmTC_66cd9
/usr/bin/cmake -E cmake_link_script CMakeFiles/cmTC_66cd9.dir/link.txt --verbose=1
/usr/bin/cc      -rdynamic CMakeFiles/cmTC_66cd9.dir/testCCompiler.c.o  -o cmTC_66cd9 
make[1]: Leaving directory '/media/mk/big_drive/Malachi Buchheit/Programming/potato/glfw/CMakeFiles/CMakeTmp'


Detecting C compiler ABI info compiled with the following output:
Change Dir: /media/mk/big_drive/Malachi Buchheit/Programming/potato/glfw/CMakeFiles/CMakeTmp

Run Build Command:"/usr/bin/make" "cmTC_b1103/fast"
/usr/bin/make -f CMakeFiles/cmTC_b1103.dir/build.make CMakeFiles/cmTC_b1103.dir/build
make[1]: Entering directory '/media/mk/big_drive/Malachi Buchheit/Programming/potato/glfw/CMakeFiles/CMakeTmp'
Building C object CMakeFiles/cmTC_b1103.dir/CMakeCCompilerABI.c.o
/usr/bin/cc    -o CMakeFiles/cmTC_b1103.dir/CMakeCCompilerABI.c.o   -c /usr/share/cmake-3.13/Modules/CMakeCCompilerABI.c
Linking C executable cmTC_b1103
/usr/bin/cmake -E cmake_link_script CMakeFiles/cmTC_b1103.dir/link.txt --verbose=1
/usr/bin/cc     -v -rdynamic CMakeFiles/cmTC_b1103.dir/CMakeCCompilerABI.c.o  -o cmTC_b1103 
Using built-in specs.
COLLECT_GCC=/usr/bin/cc
COLLECT_LTO_WRAPPER=/usr/lib/gcc/x86_64-linux-gnu/8/lto-wrapper
OFFLOAD_TARGET_NAMES=nvptx-none
OFFLOAD_TARGET_DEFAULT=1
Target: x86_64-linux-gnu
Configured with: ../src/configure -v --with-pkgversion='Debian 8.3.0-6' --with-bugurl=file:///usr/share/doc/gcc-8/README.Bugs --enable-languages=c,ada,c++,go,brig,d,fortran,objc,obj-c++ --prefix=/usr --with-gcc-major-version-only --program-suffix=-8 --program-prefix=x86_64-linux-gnu- --enable-shared --enable-linker-build-id --libexecdir=/usr/lib --without-included-gettext --enable-threads=posix --libdir=/usr/lib --enable-nls --enable-bootstrap --enable-clocale=gnu --enable-libstdcxx-debug --enable-libstdcxx-time=yes --with-default-libstdcxx-abi=new --enable-gnu-unique-object --disable-vtable-verify --enable-libmpx --enable-plugin --enable-default-pie --with-system-zlib --with-target-system-zlib --enable-objc-gc=auto --enable-multiarch --disable-werror --with-arch-32=i686 --with-abi=m64 --with-multilib-list=m32,m64,mx32 --enable-multilib --with-tune=generic --enable-offload-targets=nvptx-none --without-cuda-driver --enable-checking=release --build=x86_64-linux-gnu --host=x86_64-linux-gnu --target=x86_64-linux-gnu
Thread model: posix
gcc version 8.3.0 (Debian 8.3.0-6) 
COMPILER_PATH=/usr/lib/gcc/x86_64-linux-gnu/8/:/usr/lib/gcc/x86_64-linux-gnu/8/:/usr/lib/gcc/x86_64-linux-gnu/:/usr/lib/gcc/x86_64-linux-gnu/8/:/usr/lib/gcc/x86_64-linux-gnu/
LIBRARY_PATH=/usr/lib/gcc/x86_64-linux-gnu/8/:/usr/lib/gcc/x86_64-linux-gnu/8/../../../x86_64-linux-gnu/:/usr/lib/gcc/x86_64-linux-gnu/8/../../../../lib/:/lib/x86_64-linux-gnu/:/lib/../lib/:/usr/lib/x86_64-linux-gnu/:/usr/lib/../lib/:/usr/lib/gcc/x86_64-linux-gnu/8/../../../:/lib/:/usr/lib/
COLLECT_GCC_OPTIONS='-v' '-rdynamic' '-o' 'cmTC_b1103' '-mtune=generic' '-march=x86-64'
 /usr/lib/gcc/x86_64-linux-gnu/8/collect2 -plugin /usr/lib/gcc/x86_64-linux-gnu/8/liblto_plugin.so -plugin-opt=/usr/lib/gcc/x86_64-linux-gnu/8/lto-wrapper -plugin-opt=-fresolution=/tmp/cc1ZbCyg.res -plugin-opt=-pass-through=-lgcc -plugin-opt=-pass-through=-lgcc_s -plugin-opt=-pass-through=-lc -plugin-opt=-pass-through=-lgcc -plugin-opt=-pass-through=-lgcc_s --build-id --eh-frame-hdr -m elf_x86_64 --hash-style=gnu -export-dynamic -dynamic-linker /lib64/ld-linux-x86-64.so.2 -pie -o cmTC_b1103 /usr/lib/gcc/x86_64-linux-gnu/8/../../../x86_64-linux-gnu/Scrt1.o /usr/lib/gcc/x86_64-linux-gnu/8/../../../x86_64-linux-gnu/crti.o /usr/lib/gcc/x86_64-linux-gnu/8/crtbeginS.o -L/usr/lib/gcc/x86_64-linux-gnu/8 -L/usr/lib/gcc/x86_64-linux-gnu/8/../../../x86_64-linux-gnu -L/usr/lib/gcc/x86_64-linux-gnu/8/../../../../lib -L/lib/x86_64-linux-gnu -L/lib/../lib -L/usr/lib/x86_64-linux-gnu -L/usr/lib/../lib -L/usr/lib/gcc/x86_64-linux-gnu/8/../../.. CMakeFiles/cmTC_b1103.dir/CMakeCCompilerABI.c.o -lgcc --push-state --as-needed -lgcc_s --pop-state -lc -lgcc --push-state --as-needed -lgcc_s --pop-state /usr/lib/gcc/x86_64-linux-gnu/8/crtendS.o /usr/lib/gcc/x86_64-linux-gnu/8/../../../x86_64-linux-gnu/crtn.o
COLLECT_GCC_OPTIONS='-v' '-rdynamic' '-o' 'cmTC_b1103' '-mtune=generic' '-march=x86-64'
make[1]: Leaving directory '/media/mk/big_drive/Malachi Buchheit/Programming/potato/glfw/CMakeFiles/CMakeTmp'


Parsed C implicit link information from above output:
  link line regex: [^( *|.*[/\])(ld|CMAKE_LINK_STARTFILE-NOTFOUND|([^/\]+-)?ld|collect2)[^/\]*( |$)]
  ignore line: [Change Dir: /media/mk/big_drive/Malachi Buchheit/Programming/potato/glfw/CMakeFiles/CMakeTmp]
  ignore line: []
  ignore line: [Run Build Command:"/usr/bin/make" "cmTC_b1103/fast"]
  ignore line: [/usr/bin/make -f CMakeFiles/cmTC_b1103.dir/build.make CMakeFiles/cmTC_b1103.dir/build]
  ignore line: [make[1]: Entering directory '/media/mk/big_drive/Malachi Buchheit/Programming/potato/glfw/CMakeFiles/CMakeTmp']
  ignore line: [Building C object CMakeFiles/cmTC_b1103.dir/CMakeCCompilerABI.c.o]
  ignore line: [/usr/bin/cc    -o CMakeFiles/cmTC_b1103.dir/CMakeCCompilerABI.c.o   -c /usr/share/cmake-3.13/Modules/CMakeCCompilerABI.c]
  ignore line: [Linking C executable cmTC_b1103]
  ignore line: [/usr/bin/cmake -E cmake_link_script CMakeFiles/cmTC_b1103.dir/link.txt --verbose=1]
  ignore line: [/usr/bin/cc     -v -rdynamic CMakeFiles/cmTC_b1103.dir/CMakeCCompilerABI.c.o  -o cmTC_b1103 ]
  ignore line: [Using built-in specs.]
  ignore line: [COLLECT_GCC=/usr/bin/cc]
  ignore line: [COLLECT_LTO_WRAPPER=/usr/lib/gcc/x86_64-linux-gnu/8/lto-wrapper]
  ignore line: [OFFLOAD_TARGET_NAMES=nvptx-none]
  ignore line: [OFFLOAD_TARGET_DEFAULT=1]
  ignore line: [Target: x86_64-linux-gnu]
  ignore line: [Configured with: ../src/configure -v --with-pkgversion='Debian 8.3.0-6' --with-bugurl=file:///usr/share/doc/gcc-8/README.Bugs --enable-languages=c,ada,c++,go,brig,d,fortran,objc,obj-c++ --prefix=/usr --with-gcc-major-version-only --program-suffix=-8 --program-prefix=x86_64-linux-gnu- --enable-shared --enable-linker-build-id --libexecdir=/usr/lib --without-included-gettext --enable-threads=posix --libdir=/usr/lib --enable-nls --enable-bootstrap --enable-clocale=gnu --enable-libstdcxx-debug --enable-libstdcxx-time=yes --with-default-libstdcxx-abi=new --enable-gnu-unique-object --disable-vtable-verify --enable-libmpx --enable-plugin --enable-default-pie --with-system-zlib --with-target-system-zlib --enable-objc-gc=auto --enable-multiarch --disable-werror --with-arch-32=i686 --with-abi=m64 --with-multilib-list=m32,m64,mx32 --enable-multilib --with-tune=generic --enable-offload-targets=nvptx-none --without-cuda-driver --enable-checking=release --build=x86_64-linux-gnu --host=x86_64-linux-gnu --target=x86_64-linux-gnu]
  ignore line: [Thread model: posix]
  ignore line: [gcc version 8.3.0 (Debian 8.3.0-6) ]
  ignore line: [COMPILER_PATH=/usr/lib/gcc/x86_64-linux-gnu/8/:/usr/lib/gcc/x86_64-linux-gnu/8/:/usr/lib/gcc/x86_64-linux-gnu/:/usr/lib/gcc/x86_64-linux-gnu/8/:/usr/lib/gcc/x86_64-linux-gnu/]
  ignore line: [LIBRARY_PATH=/usr/lib/gcc/x86_64-linux-gnu/8/:/usr/lib/gcc/x86_64-linux-gnu/8/../../../x86_64-linux-gnu/:/usr/lib/gcc/x86_64-linux-gnu/8/../../../../lib/:/lib/x86_64-linux-gnu/:/lib/../lib/:/usr/lib/x86_64-linux-gnu/:/usr/lib/../lib/:/usr/lib/gcc/x86_64-linux-gnu/8/../../../:/lib/:/usr/lib/]
  ignore line: [COLLECT_GCC_OPTIONS='-v' '-rdynamic' '-o' 'cmTC_b1103' '-mtune=generic' '-march=x86-64']
  link line: [ /usr/lib/gcc/x86_64-linux-gnu/8/collect2 -plugin /usr/lib/gcc/x86_64-linux-gnu/8/liblto_plugin.so -plugin-opt=/usr/lib/gcc/x86_64-linux-gnu/8/lto-wrapper -plugin-opt=-fresolution=/tmp/cc1ZbCyg.res -plugin-opt=-pass-through=-lgcc -plugin-opt=-pass-through=-lgcc_s -plugin-opt=-pass-through=-lc -plugin-opt=-pass-through=-lgcc -plugin-opt=-pass-through=-lgcc_s --build-id --eh-frame-hdr -m elf_x86_64 --hash-style=gnu -export-dynamic -dynamic-linker /lib64/ld-linux-x86-64.so.2 -pie -o cmTC_b1103 /usr/lib/gcc/x86_64-linux-gnu/8/../../../x86_64-linux-gnu/Scrt1.o /usr/lib/gcc/x86_64-linux-gnu/8/../../../x86_64-linux-gnu/crti.o /usr/lib/gcc/x86_64-linux-gnu/8/crtbeginS.o -L/usr/lib/gcc/x86_64-linux-gnu/8 -L/usr/lib/gcc/x86_64-linux-gnu/8/../../../x86_64-linux-gnu -L/usr/lib/gcc/x86_64-linux-gnu/8/../../../../lib -L/lib/x86_64-linux-gnu -L/lib/../lib -L/usr/lib/x86_64-linux-gnu -L/usr/lib/../lib -L/usr/lib/gcc/x86_64-linux-gnu/8/../../.. CMakeFiles/cmTC_b1103.dir/CMakeCCompilerABI.c.o -lgcc --push-state --as-needed -lgcc_s --pop-state -lc -lgcc --push-state --as-needed -lgcc_s --pop-state /usr/lib/gcc/x86_64-linux-gnu/8/crtendS.o /usr/lib/gcc/x86_64-linux-gnu/8/../../../x86_64-linux-gnu/crtn.o]
    arg [/usr/lib/gcc/x86_64-linux-gnu/8/collect2] ==> ignore
    arg [-plugin] ==> ignore
    arg [/usr/lib/gcc/x86_64-linux-gnu/8/liblto_plugin.so] ==> ignore
    arg [-plugin-opt=/usr/lib/gcc/x86_64-linux-gnu/8/lto-wrapper] ==> ignore
    arg [-plugin-opt=-fresolution=/tmp/cc1ZbCyg.res] ==> ignore
    arg [-plugin-opt=-pass-through=-lgcc] ==> ignore
    arg [-plugin-opt=-pass-through=-lgcc_s] ==> ignore
    arg [-plugin-opt=-pass-through=-lc] ==> ignore
    arg [-plugin-opt=-pass-through=-lgcc] ==> ignore
    arg [-plugin-opt=-pass-through=-lgcc_s] ==> ignore
    arg [--build-id] ==> ignore
    arg [--eh-frame-hdr] ==> ignore
    arg [-m] ==> ignore
    arg [elf_x86_64] ==> ignore
    arg [--hash-style=gnu] ==> ignore
    arg [-export-dynamic] ==> ignore
    arg [-dynamic-linker] ==> ignore
    arg [/lib64/ld-linux-x86-64.so.2] ==> ignore
    arg [-pie] ==> ignore
    arg [-o] ==> ignore
    arg [cmTC_b1103] ==> ignore
    arg [/usr/lib/gcc/x86_64-linux-gnu/8/../../../x86_64-linux-gnu/Scrt1.o] ==> ignore
    arg [/usr/lib/gcc/x86_64-linux-gnu/8/../../../x86_64-linux-gnu/crti.o] ==> ignore
    arg [/usr/lib/gcc/x86_64-linux-gnu/8/crtbeginS.o] ==> ignore
    arg [-L/usr/lib/gcc/x86_64-linux-gnu/8] ==> dir [/usr/lib/gcc/x86_64-linux-gnu/8]
    arg [-L/usr/lib/gcc/x86_64-linux-gnu/8/../../../x86_64-linux-gnu] ==> dir [/usr/lib/gcc/x86_64-linux-gnu/8/../../../x86_64-linux-gnu]
    arg [-L/usr/lib/gcc/x86_64-linux-gnu/8/../../../../lib] ==> dir [/usr/lib/gcc/x86_64-linux-gnu/8/../../../../lib]
    arg [-L/lib/x86_64-linux-gnu] ==> dir [/lib/x86_64-linux-gnu]
    arg [-L/lib/../lib] ==> dir [/lib/../lib]
    arg [-L/usr/lib/x86_64-linux-gnu] ==> dir [/usr/lib/x86_64-linux-gnu]
    arg [-L/usr/lib/../lib] ==> dir [/usr/lib/../lib]
    arg [-L/usr/lib/gcc/x86_64-linux-gnu/8/../../..] ==> dir [/usr/lib/gcc/x86_64-linux-gnu/8/../../..]
    arg [CMakeFiles/cmTC_b1103.dir/CMakeCCompilerABI.c.o] ==> ignore
    arg [-lgcc] ==> lib [gcc]
    arg [--push-state] ==> ignore
    arg [--as-needed] ==> ignore
    arg [-lgcc_s] ==> lib [gcc_s]
    arg [--pop-state] ==> ignore
    arg [-lc] ==> lib [c]
    arg [-lgcc] ==> lib [gcc]
    arg [--push-state] ==> ignore
    arg [--as-needed] ==> ignore
    arg [-lgcc_s] ==> lib [gcc_s]
    arg [--pop-state] ==> ignore
    arg [/usr/lib/gcc/x86_64-linux-gnu/8/crtendS.o] ==> ignore
    arg [/usr/lib/gcc/x86_64-linux-gnu/8/../../../x86_64-linux-gnu/crtn.o] ==> ignore
  collapse library dir [/usr/lib/gcc/x86_64-linux-gnu/8] ==> [/usr/lib/gcc/x86_64-linux-gnu/8]
  collapse library dir [/usr/lib/gcc/x86_64-linux-gnu/8/../../../x86_64-linux-gnu] ==> [/usr/lib/x86_64-linux-gnu]
  collapse library dir [/usr/lib/gcc/x86_64-linux-gnu/8/../../../../lib] ==> [/usr/lib]
  collapse library dir [/lib/x86_64-linux-gnu] ==> [/lib/x86_64-linux-gnu]
  collapse library dir [/lib/../lib] ==> [/lib]
  collapse library dir [/usr/lib/x86_64-linux-gnu] ==> [/usr/lib/x86_64-linux-gnu]
  collapse library dir [/usr/lib/../lib] ==> [/usr/lib]
  collapse library dir [/usr/lib/gcc/x86_64-linux-gnu/8/../../..] ==> [/usr/lib]
  implicit libs: [gcc;gcc_s;c;gcc;gcc_s]
  implicit dirs: [/usr/lib/gcc/x86_64-linux-gnu/8;/usr/lib/x86_64-linux-gnu;/usr/lib;/lib/x86_64-linux-gnu;/lib]
  implicit fwks: []




Detecting C [-std=c11] compiler features compiled with the following output:
Change Dir: /media/mk/big_drive/Malachi Buchheit/Programming/potato/glfw/CMakeFiles/CMakeTmp

Run Build Command:"/usr/bin/make" "cmTC_a20eb/fast"
/usr/bin/make -f CMakeFiles/cmTC_a20eb.dir/build.make CMakeFiles/cmTC_a20eb.dir/build
make[1]: Entering directory '/media/mk/big_drive/Malachi Buchheit/Programming/potato/glfw/CMakeFiles/CMakeTmp'
Building C object CMakeFiles/cmTC_a20eb.dir/feature_tests.c.o
/usr/bin/cc   -std=c11 -o CMakeFiles/cmTC_a20eb.dir/feature_tests.c.o   -c "/media/mk/big_drive/Malachi Buchheit/Programming/potato/glfw/CMakeFiles/feature_tests.c"
Linking C executable cmTC_a20eb
/usr/bin/cmake -E cmake_link_script CMakeFiles/cmTC_a20eb.dir/link.txt --verbose=1
/usr/bin/cc      -rdynamic CMakeFiles/cmTC_a20eb.dir/feature_tests.c.o  -o cmTC_a20eb 
make[1]: Leaving directory '/media/mk/big_drive/Malachi Buchheit/Programming/potato/glfw/CMakeFiles/CMakeTmp'


    Feature record: C_FEATURE:1c_function_prototypes
    Feature record: C_FEATURE:1c_restrict
    Feature record: C_FEATURE:1c_static_assert
    Feature record: C_FEATURE:1c_variadic_macros


Detecting C [-std=c99] compiler features compiled with the following output:
Change Dir: /media/mk/big_drive/Malachi Buchheit/Programming/potato/glfw/CMakeFiles/CMakeTmp

Run Build Command:"/usr/bin/make" "cmTC_3c122/fast"
/usr/bin/make -f CMakeFiles/cmTC_3c122.dir/build.make CMakeFiles/cmTC_3c122.dir/build
make[1]: Entering directory '/media/mk/big_drive/Malachi Buchheit/Programming/potato/glfw/CMakeFiles/CMakeTmp'
Building C object CMakeFiles/cmTC_3c122.dir/feature_tests.c.o
/usr/bin/cc   -std=c99 -o CMakeFiles/cmTC_3c122.dir/feature_tests.c.o   -c "/media/mk/big_drive/Malachi Buchheit/Programming/potato/glfw/CMakeFiles/feature_tests.c"
Linking C executable cmTC_3c122
/usr/bin/cmake -E cmake_link_script CMakeFiles/cmTC_3c122.dir/link.txt --verbose=1
/usr/bin/cc      -rdynamic CMakeFiles/cmTC_3c122.dir/feature_tests.c.o  -o cmTC_3c122 
make[1]: Leaving directory '/media/mk/big_drive/Malachi Buchheit/Programming/potato/glfw/CMakeFiles/CMakeTmp'


    Feature record: C_FEATURE:1c_function_prototypes
    Feature record: C_FEATURE:1c_restrict
    Feature record: C_FEATURE:0c_static_assert
    Feature record: C_FEATURE:1c_variadic_macros


Detecting C [-std=c90] compiler features compiled with the following output:
Change Dir: /media/mk/big_drive/Malachi Buchheit/Programming/potato/glfw/CMakeFiles/CMakeTmp

Run Build Command:"/usr/bin/make" "cmTC_519c9/fast"
/usr/bin/make -f CMakeFiles/cmTC_519c9.dir/build.make CMakeFiles/cmTC_519c9.dir/build
make[1]: Entering directory '/media/mk/big_drive/Malachi Buchheit/Programming/potato/glfw/CMakeFiles/CMakeTmp'
Building C object CMakeFiles/cmTC_519c9.dir/feature_tests.c.o
/usr/bin/cc   -std=c90 -o CMakeFiles/cmTC_519c9.dir/feature_tests.c.o   -c "/media/mk/big_drive/Malachi Buchheit/Programming/potato/glfw/CMakeFiles/feature_tests.c"
Linking C executable cmTC_519c9
/usr/bin/cmake -E cmake_link_script CMakeFiles/cmTC_519c9.dir/link.txt --verbose=1
/usr/bin/cc      -rdynamic CMakeFiles/cmTC_519c9.dir/feature_tests.c.o  -o cmTC_519c9 
make[1]: Leaving directory '/media/mk/big_drive/Malachi Buchheit/Programming/potato/glfw/CMakeFiles/CMakeTmp'


    Feature record: C_FEATURE:1c_function_prototypes
    Feature record: C_FEATURE:0c_restrict
    Feature record: C_FEATURE:0c_static_assert
    Feature record: C_FEATURE:0c_variadic_macros
Determining if the include file pthread.h exists passed with the following output:
Change Dir: /media/mk/big_drive/Malachi Buchheit/Programming/potato/glfw/CMakeFiles/CMakeTmp

Run Build Command:"/usr/bin/make" "cmTC_9517b/fast"
/usr/bin/make -f CMakeFiles/cmTC_9517b.dir/build.make CMakeFiles/cmTC_9517b.dir/build
make[1]: Entering directory '/media/mk/big_drive/Malachi Buchheit/Programming/potato/glfw/CMakeFiles/CMakeTmp'
Building C object CMakeFiles/cmTC_9517b.dir/CheckIncludeFile.c.o
/usr/bin/cc    -o CMakeFiles/cmTC_9517b.dir/CheckIncludeFile.c.o   -c "/media/mk/big_drive/Malachi Buchheit/Programming/potato/glfw/CMakeFiles/CMakeTmp/CheckIncludeFile.c"
Linking C executable cmTC_9517b
/usr/bin/cmake -E cmake_link_script CMakeFiles/cmTC_9517b.dir/link.txt --verbose=1
/usr/bin/cc      -rdynamic CMakeFiles/cmTC_9517b.dir/CheckIncludeFile.c.o  -o cmTC_9517b 
make[1]: Leaving directory '/media/mk/big_drive/Malachi Buchheit/Programming/potato/glfw/CMakeFiles/CMakeTmp'


Determining if the function pthread_create exists in the pthread passed with the following output:
Change Dir: /media/mk/big_drive/Malachi Buchheit/Programming/potato/glfw/CMakeFiles/CMakeTmp

Run Build Command:"/usr/bin/make" "cmTC_6c782/fast"
/usr/bin/make -f CMakeFiles/cmTC_6c782.dir/build.make CMakeFiles/cmTC_6c782.dir/build
make[1]: Entering directory '/media/mk/big_drive/Malachi Buchheit/Programming/potato/glfw/CMakeFiles/CMakeTmp'
Building C object CMakeFiles/cmTC_6c782.dir/CheckFunctionExists.c.o
/usr/bin/cc   -DCHECK_FUNCTION_EXISTS=pthread_create   -o CMakeFiles/cmTC_6c782.dir/CheckFunctionExists.c.o   -c /usr/share/cmake-3.13/Modules/CheckFunctionExists.c
Linking C executable cmTC_6c782
/usr/bin/cmake -E cmake_link_script CMakeFiles/cmTC_6c782.dir/link.txt --verbose=1
/usr/bin/cc  -DCHECK_FUNCTION_EXISTS=pthread_create    -rdynamic CMakeFiles/cmTC_6c782.dir/CheckFunctionExists.c.o  -o cmTC_6c782 -lpthread 
make[1]: Leaving directory '/media/mk/big_drive/Malachi Buchheit/Programming/potato/glfw/CMakeFiles/CMakeTmp'


Determining if the function XOpenDisplay exists in the /usr/lib/x86_64-linux-gnu/libX11.so;/usr/lib/x86_64-linux-gnu/libXext.so passed with the following output:
Change Dir: /media/mk/big_drive/Malachi Buchheit/Programming/potato/glfw/CMakeFiles/CMakeTmp

Run Build Command:"/usr/bin/make" "cmTC_9e920/fast"
/usr/bin/make -f CMakeFiles/cmTC_9e920.dir/build.make CMakeFiles/cmTC_9e920.dir/build
make[1]: Entering directory '/media/mk/big_drive/Malachi Buchheit/Programming/potato/glfw/CMakeFiles/CMakeTmp'
Building C object CMakeFiles/cmTC_9e920.dir/CheckFunctionExists.c.o
/usr/bin/cc   -DCHECK_FUNCTION_EXISTS=XOpenDisplay   -o CMakeFiles/cmTC_9e920.dir/CheckFunctionExists.c.o   -c /usr/share/cmake-3.13/Modules/CheckFunctionExists.c
Linking C executable cmTC_9e920
/usr/bin/cmake -E cmake_link_script CMakeFiles/cmTC_9e920.dir/link.txt --verbose=1
/usr/bin/cc  -DCHECK_FUNCTION_EXISTS=XOpenDisplay    -rdynamic CMakeFiles/cmTC_9e920.dir/CheckFunctionExists.c.o  -o cmTC_9e920 /usr/lib/x86_64-linux-gnu/libX11.so /usr/lib/x86_64-linux-gnu/libXext.so 
make[1]: Leaving directory '/media/mk/big_drive/Malachi Buchheit/Programming/potato/glfw/CMakeFiles/CMakeTmp'


Determining if the function gethostbyname exists passed with the following output:
Change Dir: /media/mk/big_drive/Malachi Buchheit/Programming/potato/glfw/CMakeFiles/CMakeTmp

Run Build Command:"/usr/bin/make" "cmTC_512c5/fast"
/usr/bin/make -f CMakeFiles/cmTC_512c5.dir/build.make CMakeFiles/cmTC_512c5.dir/build
make[1]: Entering directory '/media/mk/big_drive/Malachi Buchheit/Programming/potato/glfw/CMakeFiles/CMakeTmp'
Building C object CMakeFiles/cmTC_512c5.dir/CheckFunctionExists.c.o
/usr/bin/cc   -DCHECK_FUNCTION_EXISTS=gethostbyname   -o CMakeFiles/cmTC_512c5.dir/CheckFunctionExists.c.o   -c /usr/share/cmake-3.13/Modules/CheckFunctionExists.c
Linking C executable cmTC_512c5
/usr/bin/cmake -E cmake_link_script CMakeFiles/cmTC_512c5.dir/link.txt --verbose=1
/usr/bin/cc  -DCHECK_FUNCTION_EXISTS=gethostbyname    -rdynamic CMakeFiles/cmTC_512c5.dir/CheckFunctionExists.c.o  -o cmTC_512c5 
make[1]: Leaving directory '/media/mk/big_drive/Malachi Buchheit/Programming/potato/glfw/CMakeFiles/CMakeTmp'


Determining if the function connect exists passed with the following output:
Change Dir: /media/mk/big_drive/Malachi Buchheit/Programming/potato/glfw/CMakeFiles/CMakeTmp

Run Build Command:"/usr/bin/make" "cmTC_714c5/fast"
/usr/bin/make -f CMakeFiles/cmTC_714c5.dir/build.make CMakeFiles/cmTC_714c5.dir/build
make[1]: Entering directory '/media/mk/big_drive/Malachi Buchheit/Programming/potato/glfw/CMakeFiles/CMakeTmp'
Building C object CMakeFiles/cmTC_714c5.dir/CheckFunctionExists.c.o
/usr/bin/cc   -DCHECK_FUNCTION_EXISTS=connect   -o CMakeFiles/cmTC_714c5.dir/CheckFunctionExists.c.o   -c /usr/share/cmake-3.13/Modules/CheckFunctionExists.c
Linking C executable cmTC_714c5
/usr/bin/cmake -E cmake_link_script CMakeFiles/cmTC_714c5.dir/link.txt --verbose=1
/usr/bin/cc  -DCHECK_FUNCTION_EXISTS=connect    -rdynamic CMakeFiles/cmTC_714c5.dir/CheckFunctionExists.c.o  -o cmTC_714c5 
make[1]: Leaving directory '/media/mk/big_drive/Malachi Buchheit/Programming/potato/glfw/CMakeFiles/CMakeTmp'


Determining if the function remove exists passed with the following output:
Change Dir: /media/mk/big_drive/Malachi Buchheit/Programming/potato/glfw/CMakeFiles/CMakeTmp

Run Build Command:"/usr/bin/make" "cmTC_758c9/fast"
/usr/bin/make -f CMakeFiles/cmTC_758c9.dir/build.make CMakeFiles/cmTC_758c9.dir/build
make[1]: Entering directory '/media/mk/big_drive/Malachi Buchheit/Programming/potato/glfw/CMakeFiles/CMakeTmp'
Building C object CMakeFiles/cmTC_758c9.dir/CheckFunctionExists.c.o
/usr/bin/cc   -DCHECK_FUNCTION_EXISTS=remove   -o CMakeFiles/cmTC_758c9.dir/CheckFunctionExists.c.o   -c /usr/share/cmake-3.13/Modules/CheckFunctionExists.c
Linking C executable cmTC_758c9
/usr/bin/cmake -E cmake_link_script CMakeFiles/cmTC_758c9.dir/link.txt --verbose=1
/usr/bin/cc  -DCHECK_FUNCTION_EXISTS=remove    -rdynamic CMakeFiles/cmTC_758c9.dir/CheckFunctionExists.c.o  -o cmTC_758c9 
make[1]: Leaving directory '/media/mk/big_drive/Malachi Buchheit/Programming/potato/glfw/CMakeFiles/CMakeTmp'


Determining if the function shmat exists passed with the following output:
Change Dir: /media/mk/big_drive/Malachi Buchheit/Programming/potato/glfw/CMakeFiles/CMakeTmp

Run Build Command:"/usr/bin/make" "cmTC_f5e8b/fast"
/usr/bin/make -f CMakeFiles/cmTC_f5e8b.dir/build.make CMakeFiles/cmTC_f5e8b.dir/build
make[1]: Entering directory '/media/mk/big_drive/Malachi Buchheit/Programming/potato/glfw/CMakeFiles/CMakeTmp'
Building C object CMakeFiles/cmTC_f5e8b.dir/CheckFunctionExists.c.o
/usr/bin/cc   -DCHECK_FUNCTION_EXISTS=shmat   -o CMakeFiles/cmTC_f5e8b.dir/CheckFunctionExists.c.o   -c /usr/share/cmake-3.13/Modules/CheckFunctionExists.c
Linking C executable cmTC_f5e8b
/usr/bin/cmake -E cmake_link_script CMakeFiles/cmTC_f5e8b.dir/link.txt --verbose=1
/usr/bin/cc  -DCHECK_FUNCTION_EXISTS=shmat    -rdynamic CMakeFiles/cmTC_f5e8b.dir/CheckFunctionExists.c.o  -o cmTC_f5e8b 
make[1]: Leaving directory '/media/mk/big_drive/Malachi Buchheit/Programming/potato/glfw/CMakeFiles/CMakeTmp'


Determining if the function IceConnectionNumber exists in the ICE passed with the following output:
Change Dir: /media/mk/big_drive/Malachi Buchheit/Programming/potato/glfw/CMakeFiles/CMakeTmp

Run Build Command:"/usr/bin/make" "cmTC_e083b/fast"
/usr/bin/make -f CMakeFiles/cmTC_e083b.dir/build.make CMakeFiles/cmTC_e083b.dir/build
make[1]: Entering directory '/media/mk/big_drive/Malachi Buchheit/Programming/potato/glfw/CMakeFiles/CMakeTmp'
Building C object CMakeFiles/cmTC_e083b.dir/CheckFunctionExists.c.o
/usr/bin/cc   -DCHECK_FUNCTION_EXISTS=IceConnectionNumber   -o CMakeFiles/cmTC_e083b.dir/CheckFunctionExists.c.o   -c /usr/share/cmake-3.13/Modules/CheckFunctionExists.c
Linking C executable cmTC_e083b
/usr/bin/cmake -E cmake_link_script CMakeFiles/cmTC_e083b.dir/link.txt --verbose=1
/usr/bin/cc  -DCHECK_FUNCTION_EXISTS=IceConnectionNumber    -rdynamic CMakeFiles/cmTC_e083b.dir/CheckFunctionExists.c.o  -o cmTC_e083b -lICE 
make[1]: Leaving directory '/media/mk/big_drive/Malachi Buchheit/Programming/potato/glfw/CMakeFiles/CMakeTmp'


